<?xml version="1.0" encoding="UTF-8"?>
<testng-results skipped="0" failed="0" ignored="0" total="1" passed="1">
  <reporter-output>
  </reporter-output>
  <suite name="Default suite" duration-ms="73" started-at="2020-01-20T06:34:06Z" finished-at="2020-01-20T06:34:06Z">
    <groups>
    </groups>
    <test name="Default test" duration-ms="73" started-at="2020-01-20T06:34:06Z" finished-at="2020-01-20T06:34:06Z">
      <class name="java2020Coding.TestDemo">
        <test-method status="PASS" signature="TestCases()[pri:0, instance:java2020Coding.TestDemo@32d992b2]" name="TestCases" duration-ms="21" started-at="2020-01-20T06:34:06Z" finished-at="2020-01-20T06:34:06Z">
          <reporter-output>
          </reporter-output>
        </test-method> <!-- TestCases -->
      </class> <!-- java2020Coding.TestDemo -->
    </test> <!-- Default test -->
  </suite> <!-- Default suite -->
</testng-results>
