<?xml version="1.0" encoding="UTF-8"?>
<testng-results skipped="0" failed="0" total="1" passed="1">
  <reporter-output>
  </reporter-output>
  <suite name="Suite" duration-ms="21" started-at="2018-05-09T13:38:36Z" finished-at="2018-05-09T13:38:36Z">
    <groups>
    </groups>
    <test name="Test" duration-ms="21" started-at="2018-05-09T13:38:36Z" finished-at="2018-05-09T13:38:36Z">
      <class name="jenkinsGitDemo.JenkinsGitDemo">
        <test-method status="PASS" signature="myJenkinsGit()" name="myJenkinsGit" duration-ms="12" started-at="2018-05-09T13:38:36Z" finished-at="2018-05-09T13:38:36Z">
        </test-method>
      </class>
    </test>
  </suite>
</testng-results>
